<?xml version="1.0" encoding="UTF-8"?>
<!-- Generated by org.testng.reporters.JUnitReportReporter -->
<testsuite hostname="pengshaoxiang" name="guoya_test.selenium_testTest" tests="1" failures="0" timestamp="17 Nov 2017 09:21:09 GMT" time="13.413" errors="0">
  <testcase name="selenium_testTest" time="13.413" classname="guoya_test.selenium_testTest"/>
</testsuite> <!-- guoya_test.selenium_testTest -->
