<?xml version="1.0" encoding="UTF-8"?>
<!-- Generated by org.testng.reporters.JUnitReportReporter -->
<testsuite hostname="pengshaoxiang" name="guoya_test.testng_selenium_test" tests="1" failures="0" timestamp="17 Nov 2017 09:21:09 GMT" time="13.200" errors="0">
  <testcase name="testng_selenium_test" time="13.200" classname="guoya_test.testng_selenium_test"/>
</testsuite> <!-- guoya_test.testng_selenium_test -->
